This is pdfTeX, Version 3.14159265-2.6-1.40.21 (MiKTeX 20.7) (preloaded format=pdflatex 2021.7.28)  14 NOV 2022 15:43
entering extended mode
**./dolgozat.tex
(dolgozat.tex
LaTeX2e <2020-02-02> patch level 5
L3 programming layer <2020-09-03>
(C:\Users\mated\AppData\Local\Programs\MiKTeX\tex/latex/base\report.cls
Document Class: report 2019/12/20 v1.4l Standard LaTeX document class
(C:\Users\mated\AppData\Local\Programs\MiKTeX\tex/latex/base\size12.clo
File: size12.clo 2019/12/20 v1.4l Standard LaTeX file (size option)
)
\c@part=\count168
\c@chapter=\count169
\c@section=\count170
\c@subsection=\count171
\c@subsubsection=\count172
\c@paragraph=\count173
\c@subparagraph=\count174
\c@figure=\count175
\c@table=\count176
\abovecaptionskip=\skip47
\belowcaptionskip=\skip48
\bibindent=\dimen134
)
(styles/dolgozat.sty
(C:\Users\mated\AppData\Local\Programs\MiKTeX\tex/latex/geometry\geometry.sty
Package: geometry 2020/01/02 v5.9 Page Geometry

(C:\Users\mated\AppData\Local\Programs\MiKTeX\tex/latex/graphics\keyval.sty
Package: keyval 2014/10/28 v1.15 key=value parser (DPC)
\KV@toks@=\toks15
)
(C:\Users\mated\AppData\Local\Programs\MiKTeX\tex/generic/iftex\ifvtex.sty
Package: ifvtex 2019/10/25 v1.7 ifvtex legacy package. Use iftex instead.

(C:\Users\mated\AppData\Local\Programs\MiKTeX\tex/generic/iftex\iftex.sty
Package: iftex 2020/03/06 v1.0d TeX engine tests
))
\Gm@cnth=\count177
\Gm@cntv=\count178
\c@Gm@tempcnt=\count179
\Gm@bindingoffset=\dimen135
\Gm@wd@mp=\dimen136
\Gm@odd@mp=\dimen137
\Gm@even@mp=\dimen138
\Gm@layoutwidth=\dimen139
\Gm@layoutheight=\dimen140
\Gm@layouthoffset=\dimen141
\Gm@layoutvoffset=\dimen142
\Gm@dimlist=\toks16

(C:\Users\mated\AppData\Local\Programs\MiKTeX\tex/latex/geometry\geometry.cfg))
(C:\Users\mated\AppData\Local\Programs\MiKTeX\tex/latex/fancyhdr\fancyhdr.sty
Package: fancyhdr 2019/01/31 v3.10 Extensive control of page headers and footer
s
\f@nch@headwidth=\skip49
\f@nch@O@elh=\skip50
\f@nch@O@erh=\skip51
\f@nch@O@olh=\skip52
\f@nch@O@orh=\skip53
\f@nch@O@elf=\skip54
\f@nch@O@erf=\skip55
\f@nch@O@olf=\skip56
\f@nch@O@orf=\skip57
)
(C:\Users\mated\AppData\Local\Programs\MiKTeX\tex/latex/amsmath\amsmath.sty
Package: amsmath 2020/01/20 v2.17e AMS math features
\@mathmargin=\skip58

For additional information on amsmath, use the `?' option.
(C:\Users\mated\AppData\Local\Programs\MiKTeX\tex/latex/amsmath\amstext.sty
Package: amstext 2000/06/29 v2.01 AMS text

(C:\Users\mated\AppData\Local\Programs\MiKTeX\tex/latex/amsmath\amsgen.sty
File: amsgen.sty 1999/11/30 v2.0 generic functions
\@emptytoks=\toks17
\ex@=\dimen143
))
(C:\Users\mated\AppData\Local\Programs\MiKTeX\tex/latex/amsmath\amsbsy.sty
Package: amsbsy 1999/11/29 v1.2d Bold Symbols
\pmbraise@=\dimen144
)
(C:\Users\mated\AppData\Local\Programs\MiKTeX\tex/latex/amsmath\amsopn.sty
Package: amsopn 2016/03/08 v2.02 operator names
)
\inf@bad=\count180
LaTeX Info: Redefining \frac on input line 227.
\uproot@=\count181
\leftroot@=\count182
LaTeX Info: Redefining \overline on input line 389.
\classnum@=\count183
\DOTSCASE@=\count184
LaTeX Info: Redefining \ldots on input line 486.
LaTeX Info: Redefining \dots on input line 489.
LaTeX Info: Redefining \cdots on input line 610.
\Mathstrutbox@=\box45
\strutbox@=\box46
\big@size=\dimen145
LaTeX Font Info:    Redeclaring font encoding OML on input line 733.
LaTeX Font Info:    Redeclaring font encoding OMS on input line 734.
\macc@depth=\count185
\c@MaxMatrixCols=\count186
\dotsspace@=\muskip16
\c@parentequation=\count187
\dspbrk@lvl=\count188
\tag@help=\toks18
\row@=\count189
\column@=\count190
\maxfields@=\count191
\andhelp@=\toks19
\eqnshift@=\dimen146
\alignsep@=\dimen147
\tagshift@=\dimen148
\tagwidth@=\dimen149
\totwidth@=\dimen150
\lineht@=\dimen151
\@envbody=\toks20
\multlinegap=\skip59
\multlinetaggap=\skip60
\mathdisplay@stack=\toks21
LaTeX Info: Redefining \[ on input line 2859.
LaTeX Info: Redefining \] on input line 2860.
)
(C:\Users\mated\AppData\Local\Programs\MiKTeX\tex/latex/amsfonts\amssymb.sty
Package: amssymb 2013/01/14 v3.01 AMS font symbols

(C:\Users\mated\AppData\Local\Programs\MiKTeX\tex/latex/amsfonts\amsfonts.sty
Package: amsfonts 2013/01/14 v3.01 Basic AMSFonts support
\symAMSa=\mathgroup4
\symAMSb=\mathgroup5
LaTeX Font Info:    Redeclaring math symbol \hbar on input line 98.
LaTeX Font Info:    Overwriting math alphabet `\mathfrak' in version `bold'
(Font)                  U/euf/m/n --> U/euf/b/n on input line 106.
)) (C:\Users\mated\AppData\Local\Programs\MiKTeX\tex/latex/graphics\color.sty
Package: color 2019/11/23 v1.2a Standard LaTeX Color (DPC)

(C:\Users\mated\AppData\Local\Programs\MiKTeX\tex/latex/graphics-cfg\color.cfg
File: color.cfg 2016/01/02 v1.6 sample color configuration
)
Package color Info: Driver file: pdftex.def on input line 147.

(C:\Users\mated\AppData\Local\Programs\MiKTeX\tex/latex/graphics-def\pdftex.def
File: pdftex.def 2020/08/26 v1.2 Graphics/color driver for pdftex
)) (C:\Users\mated\AppData\Local\Programs\MiKTeX\tex/latex/graphics\epsfig.sty
Package: epsfig 2017/06/25 v1.7b (e)psfig emulation (SPQR)

(C:\Users\mated\AppData\Local\Programs\MiKTeX\tex/latex/graphics\graphicx.sty
Package: graphicx 2019/11/30 v1.2a Enhanced LaTeX Graphics (DPC,SPQR)

(C:\Users\mated\AppData\Local\Programs\MiKTeX\tex/latex/graphics\graphics.sty
Package: graphics 2019/11/30 v1.4a Standard LaTeX Graphics (DPC,SPQR)

(C:\Users\mated\AppData\Local\Programs\MiKTeX\tex/latex/graphics\trig.sty
Package: trig 2016/01/03 v1.10 sin cos tan (DPC)
)
(C:\Users\mated\AppData\Local\Programs\MiKTeX\tex/latex/graphics-cfg\graphics.c
fg
File: graphics.cfg 2016/06/04 v1.11 sample graphics configuration
)
Package graphics Info: Driver file: pdftex.def on input line 105.
)
\Gin@req@height=\dimen152
\Gin@req@width=\dimen153
)
\epsfxsize=\dimen154
\epsfysize=\dimen155
) (C:\Users\mated\AppData\Local\Programs\MiKTeX\tex/latex/base\ifthen.sty
Package: ifthen 2014/09/29 v1.1c Standard LaTeX ifthen package (DPC)
) (C:\Users\mated\AppData\Local\Programs\MiKTeX\tex/latex/tools\array.sty
Package: array 2019/08/31 v2.4l Tabular extension package (FMi)
\col@sep=\dimen156
\ar@mcellbox=\box47
\extrarowheight=\dimen157
\NC@list=\toks22
\extratabsurround=\skip61
\backup@length=\skip62
\ar@cellbox=\box48
)
(C:\Users\mated\AppData\Local\Programs\MiKTeX\tex/latex/ntheorem\ntheorem.sty
Style `ntheorem', Version 1.33 <2011/08/15>
Package: ntheorem 2011/08/15 1.33
\theorem@style=\toks23
\theorem@@style=\toks24
\theorembodyfont=\toks25
\theoremnumbering=\toks26
\theorempreskipamount=\skip63
\theorempostskipamount=\skip64
\theoremframepreskipamount=\skip65
\theoremframepostskipamount=\skip66
\theoreminframepreskipamount=\skip67
\theoreminframepostskipamount=\skip68
\theorem@preskip=\toks27
\theorem@postskip=\toks28
\theorem@framepreskip=\toks29
\theorem@framepostskip=\toks30
\theorem@inframepreskip=\toks31
\theorem@inframepostskip=\toks32
\theoremindent=\dimen158
\theorem@indent=\dimen159
\theoremrightindent=\dimen160
\theorem@rightindent=\dimen161
\theoremheaderfont=\toks33
\theoremseparator=\toks34
\theoremprework=\toks35
\theorempostwork=\toks36
\theoremsymbol=\toks37
\qedsymbol=\toks38
\theoremkeyword=\toks39
\qedsymbol=\toks40
\thm@topsep=\skip69
\thm@topsepadd=\skip70
) (C:\Users\mated\AppData\Local\Programs\MiKTeX\tex/latex/multirow\multirow.sty
Package: multirow 2019/05/31 v2.5 Span multiple rows of a table
\multirow@colwidth=\skip71
\multirow@cntb=\count192
\multirow@dima=\skip72
\bigstrutjot=\dimen162
) (C:\Users\mated\AppData\Local\Programs\MiKTeX\tex/latex/colortbl\colortbl.sty
Package: colortbl 2020/01/04 v1.0e Color table columns (DPC)
\everycr=\toks41
\minrowclearance=\skip73
) (C:\Users\mated\AppData\Local\Programs\MiKTeX\tex/generic/mfpic\mfpic.sty
Package: mfpic 2012/12/03 v1.10. Macros for drawing with Metafont/MetaPost.

(C:\Users\mated\AppData\Local\Programs\MiKTeX\tex/generic/mfpic\mfpic.tex
\mfp@out=\write3
\mfp@graph=\read2
\mfp@count=\count193
\mfp@linetype=\count194
\mfp@sequence=\count195
\mfp@toks=\toks42
\mfp@verbtex=\toks43
\mfp@fdc=\count196
\@wholegraph=\box49
\@textbox=\box50
\@alltlabels=\box51
\@backtext=\box52
\@tlabelstop=\fontdimen 23\mfp@dummy 
\@tlabelsbot=\fontdimen 24\mfp@dummy 
\@tlabelsleft=\fontdimen 25\mfp@dummy 
\@graphright=\fontdimen 26\mfp@dummy 
\@graphleft=\fontdimen 27\mfp@dummy 
\@graphtop=\fontdimen 28\mfp@dummy 
\@graphbot=\fontdimen 29\mfp@dummy 
\tb@raise=\fontdimen 30\mfp@dummy 
\tb@moveright=\fontdimen 31\mfp@dummy 
\tb@totalht=\fontdimen 32\mfp@dummy 
\tlabel@hadj=\fontdimen 33\mfp@dummy 
\tlabel@vadj=\fontdimen 34\mfp@dummy 
\tlabel@sep=\fontdimen 35\mfp@dummy 
\tlpath@sep=\fontdimen 36\mfp@dummy 
\mfpicunit=\fontdimen 37\mfp@dummy 
\@mfpicunit=\fontdimen 38\mfp@dummy 
\pointsize=\fontdimen 39\mfp@dummy 
\shadespace=\fontdimen 40\mfp@dummy 
\polkadotspace=\fontdimen 41\mfp@dummy 
\hatchspace=\fontdimen 42\mfp@dummy 
\headlen=\fontdimen 43\mfp@dummy 
\axisheadlen=\fontdimen 44\mfp@dummy 
\sideheadlen=\fontdimen 45\mfp@dummy 
\hashlen=\fontdimen 46\mfp@dummy 
\dashlen=\fontdimen 47\mfp@dummy 
\dashspace=\fontdimen 48\mfp@dummy 
\dotsize=\fontdimen 49\mfp@dummy 
\griddotsize=\fontdimen 50\mfp@dummy 
\dotspace=\fontdimen 51\mfp@dummy 
\symbolspace=\fontdimen 52\mfp@dummy 
\mfp@scratch=\dimen163
\mfpframesep=\dimen164
\mfpframethickness=\dimen165
\mfpicheight=\dimen166
\mfpicwidth=\dimen167
\mfpiccaptionskip=\skip74
\tl@vpos=\count197
\tl@hpos=\count198
\mfp@commentchar=\count199
))
(C:\Users\mated\AppData\Local\Programs\MiKTeX\tex/latex/base\inputenc.sty
Package: inputenc 2018/08/11 v1.3c Input encoding file
\inpenc@prehook=\toks44
\inpenc@posthook=\toks45
)
(C:\Users\mated\AppData\Local\Programs\MiKTeX\tex/latex/base\fontenc.sty
Package: fontenc 2020/02/11 v2.0o Standard LaTeX package
)
(C:\Users\mated\AppData\Local\Programs\MiKTeX\tex/generic/babel\babel.sty
Package: babel 2020/09/01 3.48 The Babel package

(C:\Users\mated\AppData\Local\Programs\MiKTeX\tex/generic/babel\babel.def
File: babel.def 2020/09/01 3.48 Babel common definitions
\babel@savecnt=\count266
\U@D=\dimen168
\l@babelnohyphens=\language84

(C:\Users\mated\AppData\Local\Programs\MiKTeX\tex/generic/babel\txtbabel.def)
\bbl@readstream=\read3
)
\bbl@dirlevel=\count267

*************************************
* Local config file bblopts.cfg used
*
(C:\Users\mated\AppData\Local\Programs\MiKTeX\tex/latex/arabi\bblopts.cfg
File: bblopts.cfg 2005/09/08 v0.1 add Arabic and Farsi to "declared" options of
 babel
)
(C:\Users\mated\AppData\Local\Programs\MiKTeX\tex/latex/babel-hungarian\magyar.
ldf
Language: magyar 2019/01/14 v1.5c Magyar (Hungarian) support for babel
Package babel Info: Making ` an active character on input line 2819.
\c@footnote@add=\count268
\c@footnote@ch=\count269
))
\c@theorem=\count270
\c@prooF=\count271
)
(C:\Users\mated\AppData\Local\Programs\MiKTeX\tex/latex/listings\listings.sty
\lst@mode=\count272
\lst@gtempboxa=\box53
\lst@token=\toks46
\lst@length=\count273
\lst@currlwidth=\dimen169
\lst@column=\count274
\lst@pos=\count275
\lst@lostspace=\dimen170
\lst@width=\dimen171
\lst@newlines=\count276
\lst@lineno=\count277
\lst@maxwidth=\dimen172

(C:\Users\mated\AppData\Local\Programs\MiKTeX\tex/latex/listings\lstmisc.sty
File: lstmisc.sty 2020/03/24 1.8d (Carsten Heinz)
\c@lstnumber=\count278
\lst@skipnumbers=\count279
\lst@framebox=\box54
)
(C:\Users\mated\AppData\Local\Programs\MiKTeX\tex/latex/listings\listings.cfg
File: listings.cfg 2020/03/24 1.8d listings configuration
))
Package: listings 2020/03/24 1.8d (Carsten Heinz)
(styles/cpp.sty
LaTeX Font Info:    Trying to load font information for T1+txtt on input line 2
.

(C:\Users\mated\AppData\Local\Programs\MiKTeX\tex/latex/txfonts\t1txtt.fd
File: t1txtt.fd 2000/12/15 v3.1
))
(styles/python.sty
Package color Info: Redefining color deepblue on input line 7.
Package color Info: Redefining color deepred on input line 8.
Package color Info: Redefining color deepgreen on input line 9.
Package color Info: Redefining color codebg on input line 11.
Package color Info: Redefining color framecolor on input line 12.
)
(C:\Users\mated\AppData\Local\Programs\MiKTeX\tex/latex/hyperref\hyperref.sty
Package: hyperref 2020-05-15 v7.00e Hypertext links for LaTeX

(C:\Users\mated\AppData\Local\Programs\MiKTeX\tex/generic/ltxcmds\ltxcmds.sty
Package: ltxcmds 2019/12/15 v1.24 LaTeX kernel commands for general use (HO)
)
(C:\Users\mated\AppData\Local\Programs\MiKTeX\tex/generic/pdftexcmds\pdftexcmds
.sty
Package: pdftexcmds 2020-06-27 v0.33 Utility functions of pdfTeX for LuaTeX (HO
)

(C:\Users\mated\AppData\Local\Programs\MiKTeX\tex/generic/infwarerr\infwarerr.s
ty
Package: infwarerr 2019/12/03 v1.5 Providing info/warning/error messages (HO)
)
Package pdftexcmds Info: \pdf@primitive is available.
Package pdftexcmds Info: \pdf@ifprimitive is available.
Package pdftexcmds Info: \pdfdraftmode found.
)
(C:\Users\mated\AppData\Local\Programs\MiKTeX\tex/generic/kvsetkeys\kvsetkeys.s
ty
Package: kvsetkeys 2019/12/15 v1.18 Key value parser (HO)
)
(C:\Users\mated\AppData\Local\Programs\MiKTeX\tex/generic/kvdefinekeys\kvdefine
keys.sty
Package: kvdefinekeys 2019-12-19 v1.6 Define keys (HO)
)
(C:\Users\mated\AppData\Local\Programs\MiKTeX\tex/generic/pdfescape\pdfescape.s
ty
Package: pdfescape 2019/12/09 v1.15 Implements pdfTeX's escape features (HO)
) (C:\Users\mated\AppData\Local\Programs\MiKTeX\tex/latex/hycolor\hycolor.sty
Package: hycolor 2020-01-27 v1.10 Color options for hyperref/bookmark (HO)
)
(C:\Users\mated\AppData\Local\Programs\MiKTeX\tex/latex/letltxmacro\letltxmacro
.sty
Package: letltxmacro 2019/12/03 v1.6 Let assignment for LaTeX macros (HO)
)
(C:\Users\mated\AppData\Local\Programs\MiKTeX\tex/latex/auxhook\auxhook.sty
Package: auxhook 2019-12-17 v1.6 Hooks for auxiliary files (HO)
)
(C:\Users\mated\AppData\Local\Programs\MiKTeX\tex/latex/kvoptions\kvoptions.sty
Package: kvoptions 2019/11/29 v3.13 Key value format for package options (HO)
)
\@linkdim=\dimen173
\Hy@linkcounter=\count280
\Hy@pagecounter=\count281
 (C:\Users\mated\AppData\Local\Programs\MiKTeX\tex/latex/hyperref\pd1enc.def
File: pd1enc.def 2020-05-15 v7.00e Hyperref: PDFDocEncoding definition (HO)
Now handling font encoding PD1 ...
... no UTF-8 mapping file for font encoding PD1
)
(C:\Users\mated\AppData\Local\Programs\MiKTeX\tex/generic/intcalc\intcalc.sty
Package: intcalc 2019/12/15 v1.3 Expandable calculations with integers (HO)
)
(C:\Users\mated\AppData\Local\Programs\MiKTeX\tex/generic/etexcmds\etexcmds.sty
Package: etexcmds 2019/12/15 v1.7 Avoid name clashes with e-TeX commands (HO)
)
\Hy@SavedSpaceFactor=\count282
Package hyperref Info: Hyper figures OFF on input line 4464.
Package hyperref Info: Link nesting OFF on input line 4469.
Package hyperref Info: Hyper index ON on input line 4472.
Package hyperref Info: Plain pages OFF on input line 4479.
Package hyperref Info: Backreferencing OFF on input line 4484.
Package hyperref Info: Implicit mode ON; LaTeX internals redefined.
Package hyperref Info: Bookmarks ON on input line 4717.
\c@Hy@tempcnt=\count283
 (C:\Users\mated\AppData\Local\Programs\MiKTeX\tex/latex/url\url.sty
\Urlmuskip=\muskip17
Package: url 2013/09/16  ver 3.4  Verb mode for urls, etc.
)
LaTeX Info: Redefining \url on input line 5076.
\XeTeXLinkMargin=\dimen174

(C:\Users\mated\AppData\Local\Programs\MiKTeX\tex/generic/bitset\bitset.sty
Package: bitset 2019/12/09 v1.3 Handle bit-vector datatype (HO)

(C:\Users\mated\AppData\Local\Programs\MiKTeX\tex/generic/bigintcalc\bigintcalc
.sty
Package: bigintcalc 2019/12/15 v1.5 Expandable calculations on big integers (HO
)
))
\Fld@menulength=\count284
\Field@Width=\dimen175
\Fld@charsize=\dimen176
Package hyperref Info: Hyper figures OFF on input line 6347.
Package hyperref Info: Link nesting OFF on input line 6352.
Package hyperref Info: Hyper index ON on input line 6355.
Package hyperref Info: backreferencing OFF on input line 6362.
Package hyperref Info: Link coloring OFF on input line 6367.
Package hyperref Info: Link coloring with OCG OFF on input line 6372.
Package hyperref Info: PDF/A mode OFF on input line 6377.
LaTeX Info: Redefining \ref on input line 6417.
LaTeX Info: Redefining \pageref on input line 6421.

(C:\Users\mated\AppData\Local\Programs\MiKTeX\tex/generic/atbegshi\atbegshi.sty
Package: atbegshi 2019/12/05 v1.19 At begin shipout hook (HO)
)
\Hy@abspage=\count285
\c@Item=\count286
\c@Hfootnote=\count287
)
Package hyperref Info: Driver (autodetected): hpdftex.
 (C:\Users\mated\AppData\Local\Programs\MiKTeX\tex/latex/hyperref\hpdftex.def
File: hpdftex.def 2020-05-15 v7.00e Hyperref driver for pdfTeX

(C:\Users\mated\AppData\Local\Programs\MiKTeX\tex/latex/atveryend\atveryend.sty
Package: atveryend 2019-12-11 v1.11 Hooks at the very end of document (HO)
Package atveryend Info: \enddocument detected (standard20110627).
)
\Fld@listcount=\count288
\c@bookmark@seq@number=\count289

(C:\Users\mated\AppData\Local\Programs\MiKTeX\tex/latex/rerunfilecheck\rerunfil
echeck.sty
Package: rerunfilecheck 2019/12/05 v1.9 Rerun checks for auxiliary files (HO)

(C:\Users\mated\AppData\Local\Programs\MiKTeX\tex/generic/uniquecounter\uniquec
ounter.sty
Package: uniquecounter 2019/12/15 v1.4 Provide unlimited unique counter (HO)
)
Package uniquecounter Info: New unique counter `rerunfilecheck' on input line 2
86.
)
\Hy@SectionHShift=\skip75
)
(C:\Users\mated\AppData\Local\Programs\MiKTeX\tex/latex/l3backend\l3backend-pdf
tex.def
File: l3backend-pdftex.def 2020-09-01 L3 backend support: PDF output (pdfTeX)
\l__kernel_color_stack_int=\count290
\l__pdf_internal_box=\box55
) (dolgozat.aux (cover/cimlap.aux) (cover/feladatkiiras.aux)
(chapters/1_introduction.aux) (chapters/2_concept.aux) (chapters/3_design.aux)
(chapters/4_implementation.aux) (chapters/5_test.aux) (chapters/6_summary.aux)
(cover/hasznalati.aux))
\openout1 = `dolgozat.aux'.

LaTeX Font Info:    Checking defaults for OML/cmm/m/it on input line 11.
LaTeX Font Info:    ... okay on input line 11.
LaTeX Font Info:    Checking defaults for OMS/cmsy/m/n on input line 11.
LaTeX Font Info:    ... okay on input line 11.
LaTeX Font Info:    Checking defaults for OT1/cmr/m/n on input line 11.
LaTeX Font Info:    ... okay on input line 11.
LaTeX Font Info:    Checking defaults for T1/cmr/m/n on input line 11.
LaTeX Font Info:    ... okay on input line 11.
LaTeX Font Info:    Checking defaults for TS1/cmr/m/n on input line 11.
LaTeX Font Info:    ... okay on input line 11.
LaTeX Font Info:    Checking defaults for OMX/cmex/m/n on input line 11.
LaTeX Font Info:    ... okay on input line 11.
LaTeX Font Info:    Checking defaults for U/cmr/m/n on input line 11.
LaTeX Font Info:    ... okay on input line 11.
LaTeX Font Info:    Checking defaults for PD1/pdf/m/n on input line 11.
LaTeX Font Info:    ... okay on input line 11.

*geometry* detected driver: dvips
*geometry* verbose mode - [ preamble ] result:
* driver: dvips
* paper: custom
* layout: <same size as paper>
* layoutoffset:(h,v)=(0.0pt,0.0pt)
* modes: 
* h-part:(L,W,R)=(85.35826pt, 441.01773pt, 71.13188pt)
* v-part:(T,H,B)=(71.13188pt, 702.78308pt, 71.13188pt)
* \paperwidth=597.50787pt
* \paperheight=845.04684pt
* \textwidth=441.01773pt
* \textheight=702.78308pt
* \oddsidemargin=13.08827pt
* \evensidemargin=13.08827pt
* \topmargin=-36.53957pt
* \headheight=15.2pt
* \headsep=20.20146pt
* \topskip=12.0pt
* \footskip=30.0pt
* \marginparwidth=35.0pt
* \marginparsep=10.0pt
* \columnsep=10.0pt
* \skip\footins=10.8pt plus 4.0pt minus 2.0pt
* \hoffset=0.0pt
* \voffset=0.0pt
* \mag=1000
* \@twocolumnfalse
* \@twosidefalse
* \@mparswitchfalse
* \@reversemarginfalse
* (1in=72.27pt=25.4mm, 1cm=28.453pt)


(C:\Users\mated\AppData\Local\Programs\MiKTeX\tex/context/base/mkii\supp-pdf.mk
ii
[Loading MPS to PDF converter (version 2006.09.02).]
\scratchcounter=\count291
\scratchdimen=\dimen177
\scratchbox=\box56
\nofMPsegments=\count292
\nofMParguments=\count293
\everyMPshowfont=\toks47
\MPscratchCnt=\count294
\MPscratchDim=\dimen178
\MPnumerator=\count295
\makeMPintoPDFobject=\count296
\everyMPtoPDFconversion=\toks48
)
(C:\Users\mated\AppData\Local\Programs\MiKTeX\tex/latex/epstopdf-pkg\epstopdf-b
ase.sty
Package: epstopdf-base 2020-01-24 v2.11 Base part for package epstopdf
Package epstopdf-base Info: Redefining graphics rule for `.eps' on input line 4
85.
)
\c@lstlisting=\count297
\AtBeginShipoutBox=\box57
Package hyperref Info: Link coloring OFF on input line 11.

(C:\Users\mated\AppData\Local\Programs\MiKTeX\tex/latex/hyperref\nameref.sty
Package: nameref 2019/09/16 v2.46 Cross-referencing by name of section

(C:\Users\mated\AppData\Local\Programs\MiKTeX\tex/latex/refcount\refcount.sty
Package: refcount 2019/12/15 v3.6 Data extraction from label references (HO)
)
(C:\Users\mated\AppData\Local\Programs\MiKTeX\tex/generic/gettitlestring\gettit
lestring.sty
Package: gettitlestring 2019/12/15 v1.6 Cleanup title references (HO)
)
\c@section@level=\count298
)
LaTeX Info: Redefining \ref on input line 11.
LaTeX Info: Redefining \pageref on input line 11.
LaTeX Info: Redefining \nameref on input line 11.
 (dolgozat.out) (dolgozat.out)
\@outlinefile=\write4
\openout4 = `dolgozat.out'.


(C:\Users\mated\AppData\Local\Programs\MiKTeX\tex/latex/base\report.cls
LaTeX Info: Redefining \cal on input line 577.
LaTeX Info: Redefining \mit on input line 578.
)
\openout2 = `cover/cimlap.aux'.


(cover/cimlap.tex
<images/me_logo.png, id=138, 1204.5pt x 1148.29pt>
File: images/me_logo.png Graphic file (type png)
<use images/me_logo.png>
Package pdftex.def Info: images/me_logo.png  used on input line 9.
(pdftex.def)             Requested size: 136.5572pt x 113.80196pt.
LaTeX Font Info:    Trying to load font information for U+msa on input line 25.


(C:\Users\mated\AppData\Local\Programs\MiKTeX\tex/latex/amsfonts\umsa.fd
File: umsa.fd 2013/01/14 v3.01 AMS symbols A
)
LaTeX Font Info:    Trying to load font information for U+msb on input line 25.


(C:\Users\mated\AppData\Local\Programs\MiKTeX\tex/latex/amsfonts\umsb.fd
File: umsb.fd 2013/01/14 v3.01 AMS symbols B
)
[1
Non-PDF special ignored!
<special> papersize=597.50787pt,845.04684pt



{C:/Users/mated/AppData/Local/MiKTeX/pdftex/config/pdftex.map} <./images/me_log
o.png>])
\openout2 = `cover/feladatkiiras.aux'.

 (cover/feladatkiiras.tex [2


]
LaTeX Font Info:    Trying to load font information for T1+cmtt on input line 6
3.

(C:\Users\mated\AppData\Local\Programs\MiKTeX\tex/latex/base\t1cmtt.fd
File: t1cmtt.fd 2019/12/16 v2.5j Standard LaTeX font definitions
)
[3]) [4] (dolgozat.toc [1



])
\tf@toc=\write5
\openout5 = `dolgozat.toc'.

pdfTeX warning (ext4): destination with the same identifier (name{page.}) has b
een already used, duplicate ignored
<to be read again> 
                   \relax 
l.24 \cleardoublepage
                      [2]
\openout2 = `chapters/1_introduction.aux'.

 (chapters/1_introduction.tex
1. fejezet.
)pdfTeX warning (ext4): destination with the same identifier (name{page.1}) has
 been already used, duplicate ignored
<to be read again> 
                   \relax 
l.31 \include{chapters/1_introduction}
                                       [1



]
\openout2 = `chapters/2_concept.aux'.

 (chapters/2_concept.tex
2. fejezet.
<images/scene.png, id=217, 530.98375pt x 461.725pt>
File: images/scene.png Graphic file (type png)
<use images/scene.png>
Package pdftex.def Info: images/scene.png  used on input line 22.
(pdftex.def)             Requested size: 441.01773pt x 383.49937pt.
pdfTeX warning (ext4): destination with the same identifier (name{page.2}) has 
been already used, duplicate ignored
<to be read again> 
                   \relax 
l.41 \newpage
              [2



]pdfTeX warning (ext4): destination with the same identifier (name{page.3}) has
 been already used, duplicate ignored
<to be read again> 
                   \relax 
l.60 \newpage
              [3 <./images/scene.png>]pdfTeX warning (ext4): destination with t
he same identifier (name{page.4}) has been already used, duplicate ignored
<to be read again> 
                   \relax 
l.113 \newpage
               [4] [5] [6] [7] [8] [9] [10]

Package hyperref Warning: Glyph not defined in PD1 encoding,
(hyperref)                removing `\H' on input line 426.


Package hyperref Warning: Glyph not defined in PD1 encoding,
(hyperref)                removing `\H' on input line 426.

[11]) [12]
\openout2 = `chapters/3_design.aux'.

 (chapters/3_design.tex
3. fejezet.
File: images/me_logo.png Graphic file (type png)
<use images/me_logo.png>
Package pdftex.def Info: images/me_logo.png  used on input line 42.
(pdftex.def)             Requested size: 361.35278pt x 344.48965pt.

LaTeX Warning: `h' float specifier changed to `ht'.

Package hyperref Info: bookmark level for unknown definition defaults to 0 on i
nput line 53.
[13



]
Package hyperref Info: bookmark level for unknown lemma defaults to 0 on input 
line 57.
Package hyperref Info: bookmark level for unknown theorem defaults to 0 on inpu
t line 61.
Package hyperref Info: bookmark level for unknown prooF defaults to 0 on input 
line 65.
Package hyperref Info: bookmark level for unknown corollary defaults to 0 on in
put line 69.
Package hyperref Info: bookmark level for unknown remark defaults to 0 on input
 line 73.
Package hyperref Info: bookmark level for unknown example defaults to 0 on inpu
t line 77.
) [14]
\openout2 = `chapters/4_implementation.aux'.

 (chapters/4_implementation.tex
4. fejezet.
(C:\Users\mated\AppData\Local\Programs\MiKTeX\tex/latex/listings\lstlang1.sty
File: lstlang1.sty 2020/03/24 1.8d listings language file
)
(C:\Users\mated\AppData\Local\Programs\MiKTeX\tex/latex/listings\lstlang1.sty
File: lstlang1.sty 2020/03/24 1.8d listings language file
)
(C:\Users\mated\AppData\Local\Programs\MiKTeX\tex/latex/listings\lstlang1.sty
File: lstlang1.sty 2020/03/24 1.8d listings language file
)
(C:\Users\mated\AppData\Local\Programs\MiKTeX\tex/latex/listings\lstmisc.sty
File: lstmisc.sty 2020/03/24 1.8d (Carsten Heinz)
))
[15



]
\openout2 = `chapters/5_test.aux'.

 (chapters/5_test.tex
5. fejezet.
) [16



]
\openout2 = `chapters/6_summary.aux'.

 (chapters/6_summary.tex
6. fejezet.
) [17



] (dolgozat.bbl

LaTeX Warning: Empty `thebibliography' environment on input line 3.

) [18



]
\openout2 = `cover/hasznalati.aux'.

 (cover/hasznalati.tex) [19

]
\tf@thm=\write6
\openout6 = `dolgozat.thm'.

Package atveryend Info: Empty hook `BeforeClearDocument' on input line 48.
Package atveryend Info: Empty hook `AfterLastShipout' on input line 48.
 (dolgozat.aux (cover/cimlap.aux)
(cover/feladatkiiras.aux) (chapters/1_introduction.aux) (chapters/2_concept.aux
) (chapters/3_design.aux) (chapters/4_implementation.aux) (chapters/5_test.aux)
(chapters/6_summary.aux) (cover/hasznalati.aux))
Package atveryend Info: Executing hook `AtVeryEndDocument' on input line 48.
Package atveryend Info: Executing hook `AtEndAfterFileList' on input line 48.
Package rerunfilecheck Info: File `dolgozat.out' has not changed.
(rerunfilecheck)             Checksum: 904EDFD175DEBF6AF809F0023A104940;2316.
Package atveryend Info: Empty hook `AtVeryVeryEnd' on input line 48.
 ) 
Here is how much of TeX's memory you used:
 12422 strings out of 481161
 182790 string characters out of 2903894
 667858 words of memory out of 3000000
 27651 multiletter control sequences out of 15000+200000
 556392 words of font info for 80 fonts, out of 3000000 for 9000
 1141 hyphenation exceptions out of 8191
 52i,11n,65p,791b,1313s stack positions out of 5000i,500n,10000p,200000b,50000s
{C:/Users/mated/AppData/Local/Programs/MiKTeX/fonts/enc/dvips/cm-super/cm-sup
er-t1.enc}{C:/Users/mated/AppData/Local/Programs/MiKTeX/fonts/enc/dvips/cm-supe
r/cm-super-ts1.enc}<C:/Users/mated/AppData/Local/Programs/MiKTeX/fonts/type1/pu
blic/amsfonts/latxfont/lcircle1.pfb><C:/Users/mated/AppData/Local/Programs/MiKT
eX/fonts/type1/public/amsfonts/symbols/msam10.pfb><C:/Users/mated/AppData/Local
/Programs/MiKTeX/fonts/type1/public/cm-super/sfbx1200.pfb><C:/Users/mated/AppDa
ta/Local/Programs/MiKTeX/fonts/type1/public/cm-super/sfbx1440.pfb><C:/Users/mat
ed/AppData/Local/Programs/MiKTeX/fonts/type1/public/cm-super/sfbx1728.pfb><C:/U
sers/mated/AppData/Local/Programs/MiKTeX/fonts/type1/public/cm-super/sfbx2074.p
fb><C:/Users/mated/AppData/Local/Programs/MiKTeX/fonts/type1/public/cm-super/sf
bx2488.pfb><C:/Users/mated/AppData/Local/Programs/MiKTeX/fonts/type1/public/cm-
super/sfrm1200.pfb><C:/Users/mated/AppData/Local/Programs/MiKTeX/fonts/type1/pu
blic/cm-super/sfrm1440.pfb><C:/Users/mated/AppData/Local/Programs/MiKTeX/fonts/
type1/public/cm-super/sfsl1200.pfb><C:/Users/mated/AppData/Local/Programs/MiKTe
X/fonts/type1/public/cm-super/sfti1200.pfb><C:/Users/mated/AppData/Local/Progra
ms/MiKTeX/fonts/type1/public/cm-super/sftt1200.pfb><C:/Users/mated/AppData/Loca
l/Programs/MiKTeX/fonts/type1/public/cm-super/sfxc1200.pfb><C:/Users/mated/AppD
ata/Local/Programs/MiKTeX/fonts/type1/public/cm-super/sfxc1440.pfb><C:/Users/ma
ted/AppData/Local/Programs/MiKTeX/fonts/type1/public/cm-super/sfxc2488.pfb><C:/
Users/mated/AppData/Local/Programs/MiKTeX/fonts/type1/public/txfonts/t1xbtt.pfb
><C:/Users/mated/AppData/Local/Programs/MiKTeX/fonts/type1/public/txfonts/t1xtt
.pfb>
Output written on dolgozat.pdf (25 pages, 699481 bytes).
PDF statistics:
 403 PDF objects out of 1000 (max. 8388607)
 83 named destinations out of 1000 (max. 500000)
 283 words of extra memory for PDF output out of 10000 (max. 10000000)

