\BOOKMARK [0][-]{chapter.1}{Bevezet\351s}{}% 1
\BOOKMARK [0][-]{chapter.2}{Koncepci\363}{}% 2
\BOOKMARK [1][-]{section.2.1}{A szimul\341ci\363s k\366rnyezet bemutat\341sa}{chapter.2}% 3
\BOOKMARK [1][-]{section.2.2}{Karakterek}{chapter.2}% 4
\BOOKMARK [2][-]{subsection.2.2.1}{Karakter tulajdons\341gok}{section.2.2}% 5
\BOOKMARK [2][-]{subsection.2.2.2}{Harcos}{section.2.2}% 6
\BOOKMARK [2][-]{subsection.2.2.3}{Ij\341sz}{section.2.2}% 7
\BOOKMARK [2][-]{subsection.2.2.4}{Orvos}{section.2.2}% 8
\BOOKMARK [2][-]{subsection.2.2.5}{Fut\341r}{section.2.2}% 9
\BOOKMARK [1][-]{section.2.3}{Harc}{chapter.2}% 10
\BOOKMARK [2][-]{subsection.2.3.1}{Harc f\341zis}{section.2.3}% 11
\BOOKMARK [2][-]{subsection.2.3.2}{Sebz\351s kalkul\341l\341sa}{section.2.3}% 12
\BOOKMARK [1][-]{section.2.4}{Szint}{chapter.2}% 13
\BOOKMARK [2][-]{subsection.2.4.1}{Pontok eloszt\341s\341nak priorit\341sa}{section.2.4}% 14
\BOOKMARK [1][-]{section.2.5}{T\341rgyak}{chapter.2}% 15
\BOOKMARK [1][-]{section.2.6}{H\341tizs\341k}{chapter.2}% 16
\BOOKMARK [2][-]{subsection.2.6.1}{Oszt\341lyok lelt\341ra}{section.2.6}% 17
\BOOKMARK [1][-]{section.2.7}{Harcon k\355v\374li tev\351kenys\351gek}{chapter.2}% 18
\BOOKMARK [2][-]{subsection.2.7.1}{\301ltal\341nos akci\363k}{section.2.7}% 19
\BOOKMARK [1][-]{section.2.8}{Harci tev\351kenys\351gek}{chapter.2}% 20
\BOOKMARK [2][-]{subsection.2.8.1}{A harcos tev\351kenys\351gei}{section.2.8}% 21
\BOOKMARK [2][-]{subsection.2.8.2}{Az Ij\341sz tev\351kenys\351gei}{section.2.8}% 22
\BOOKMARK [2][-]{subsection.2.8.3}{Az Orvos tev\351kenys\351gei}{section.2.8}% 23
\BOOKMARK [2][-]{subsection.2.8.4}{A Fut\341r tev\351kenys\351gei}{section.2.8}% 24
\BOOKMARK [1][-]{section.2.9}{Az esem\351nyek m\374k\366d\351se}{chapter.2}% 25
\BOOKMARK [1][-]{section.2.10}{Hogyan \351szleli az \341gens az ot k\366r\374lvevo k\366rnyezetet}{chapter.2}% 26
\BOOKMARK [0][-]{chapter.3}{Tervez\351s}{}% 27
\BOOKMARK [1][-]{section.3.1}{T\341bl\341zatok}{chapter.3}% 28
\BOOKMARK [1][-]{section.3.2}{\301br\341k}{chapter.3}% 29
\BOOKMARK [1][-]{section.3.3}{Tov\341bbi k\366rnyezetek}{chapter.3}% 30
\BOOKMARK [0][-]{chapter.4}{Megval\363s\355t\341s}{}% 31
\BOOKMARK [0][-]{chapter.5}{Tesztel\351s}{}% 32
\BOOKMARK [0][-]{chapter.6}{\326sszefoglal\341s}{}% 33
\BOOKMARK [0][-]{chapter.6}{Irodalomjegyz\351k}{}% 34
